<?xml version="1.0" encoding="UTF-8"?>
<testsuite xmlns:xsi="http://www.w3.org/2001/XMLSchema-instance" xsi:noNamespaceSchemaLocation="https://maven.apache.org/surefire/maven-surefire-plugin/xsd/surefire-test-report.xsd" name="com.xieke.admin.CommonAdminApplicationTests" time="18.308" tests="1" errors="0" skipped="0" failures="0">
  <properties>
    <property name="sun.desktop" value="windows"/>
    <property name="awt.toolkit" value="sun.awt.windows.WToolkit"/>
    <property name="file.encoding.pkg" value="sun.io"/>
    <property name="java.specification.version" value="1.8"/>
    <property name="sun.cpu.isalist" value="amd64"/>
    <property name="sun.jnu.encoding" value="GBK"/>
    <property name="java.class.path" value="E:\Work\IDEA\common-admin\target\test-classes;E:\Work\IDEA\common-admin\target\classes;F:\M2\net\sf\json-lib\json-lib\2.4\json-lib-2.4-jdk15.jar;F:\M2\commons-collections\commons-collections\3.2.1\commons-collections-3.2.1.jar;F:\M2\commons-logging\commons-logging\1.1.1\commons-logging-1.1.1.jar;F:\M2\net\sf\ezmorph\ezmorph\1.0.6\ezmorph-1.0.6.jar;F:\M2\cn\afterturn\easypoi-spring-boot-starter\3.3.0\easypoi-spring-boot-starter-3.3.0.jar;F:\M2\cn\afterturn\easypoi-web\3.3.0\easypoi-web-3.3.0.jar;F:\M2\cn\afterturn\easypoi-base\3.3.0\easypoi-base-3.3.0.jar;F:\M2\com\google\guava\guava\16.0.1\guava-16.0.1.jar;F:\M2\ognl\ognl\3.2.6\ognl-3.2.6.jar;F:\M2\org\javassist\javassist\3.20.0-GA\javassist-3.20.0-GA.jar;F:\M2\cn\afterturn\easypoi-annotation\3.3.0\easypoi-annotation-3.3.0.jar;F:\M2\org\apache\poi\poi-scratchpad\3.15\poi-scratchpad-3.15.jar;F:\M2\org\apache\poi\ooxml-schemas\1.3\ooxml-schemas-1.3.jar;F:\M2\org\apache\xmlbeans\xmlbeans\2.3.0\xmlbeans-2.3.0.jar;F:\M2\stax\stax-api\1.0.1\stax-api-1.0.1.jar;F:\M2\org\springframework\boot\spring-boot-autoconfigure\2.0.0.RELEASE\spring-boot-autoconfigure-2.0.0.RELEASE.jar;F:\M2\org\apache\poi\poi\3.11\poi-3.11.jar;F:\M2\commons-codec\commons-codec\1.11\commons-codec-1.11.jar;F:\M2\org\apache\poi\poi-ooxml\3.9\poi-ooxml-3.9.jar;F:\M2\org\apache\poi\poi-ooxml-schemas\3.9\poi-ooxml-schemas-3.9.jar;F:\M2\dom4j\dom4j\1.6.1\dom4j-1.6.1.jar;F:\M2\xml-apis\xml-apis\1.4.01\xml-apis-1.4.01.jar;F:\M2\com\aliyun\aliyun-java-sdk-core\4.0.6\aliyun-java-sdk-core-4.0.6.jar;F:\M2\org\apache\httpcomponents\httpclient\4.5.5\httpclient-4.5.5.jar;F:\M2\org\apache\httpcomponents\httpcore\4.4.9\httpcore-4.4.9.jar;F:\M2\javax\xml\bind\jaxb-api\2.3.0\jaxb-api-2.3.0.jar;F:\M2\com\sun\xml\bind\jaxb-core\2.1.14\jaxb-core-2.1.14.jar;F:\M2\com\sun\xml\bind\jaxb-impl\2.1\jaxb-impl-2.1.jar;F:\M2\javax\activation\activation\1.1.1\activation-1.1.1.jar;F:\M2\com\aliyun\aliyun-java-sdk-dysmsapi\1.1.0\aliyun-java-sdk-dysmsapi-1.1.0.jar;F:\M2\com\google\code\gson\gson\2.8.5\gson-2.8.5.jar;F:\M2\org\springframework\boot\spring-boot-starter\2.0.0.RELEASE\spring-boot-starter-2.0.0.RELEASE.jar;F:\M2\org\springframework\boot\spring-boot\2.0.0.RELEASE\spring-boot-2.0.0.RELEASE.jar;F:\M2\org\springframework\spring-context\5.0.4.RELEASE\spring-context-5.0.4.RELEASE.jar;F:\M2\javax\annotation\javax.annotation-api\1.3.2\javax.annotation-api-1.3.2.jar;F:\M2\org\springframework\spring-core\5.0.4.RELEASE\spring-core-5.0.4.RELEASE.jar;F:\M2\org\springframework\spring-jcl\5.0.4.RELEASE\spring-jcl-5.0.4.RELEASE.jar;F:\M2\org\yaml\snakeyaml\1.19\snakeyaml-1.19.jar;F:\M2\org\springframework\boot\spring-boot-starter-log4j\1.3.8.RELEASE\spring-boot-starter-log4j-1.3.8.RELEASE.jar;F:\M2\org\slf4j\jcl-over-slf4j\1.7.25\jcl-over-slf4j-1.7.25.jar;F:\M2\org\slf4j\jul-to-slf4j\1.7.25\jul-to-slf4j-1.7.25.jar;F:\M2\org\slf4j\slf4j-log4j12\1.7.25\slf4j-log4j12-1.7.25.jar;F:\M2\log4j\log4j\1.2.17\log4j-1.2.17.jar;F:\M2\org\springframework\boot\spring-boot-starter-web\2.0.0.RELEASE\spring-boot-starter-web-2.0.0.RELEASE.jar;F:\M2\org\springframework\boot\spring-boot-starter-json\2.0.0.RELEASE\spring-boot-starter-json-2.0.0.RELEASE.jar;F:\M2\com\fasterxml\jackson\datatype\jackson-datatype-jdk8\2.9.4\jackson-datatype-jdk8-2.9.4.jar;F:\M2\com\fasterxml\jackson\datatype\jackson-datatype-jsr310\2.9.4\jackson-datatype-jsr310-2.9.4.jar;F:\M2\com\fasterxml\jackson\module\jackson-module-parameter-names\2.9.4\jackson-module-parameter-names-2.9.4.jar;F:\M2\org\hibernate\validator\hibernate-validator\6.0.7.Final\hibernate-validator-6.0.7.Final.jar;F:\M2\javax\validation\validation-api\2.0.1.Final\validation-api-2.0.1.Final.jar;F:\M2\org\jboss\logging\jboss-logging\3.3.2.Final\jboss-logging-3.3.2.Final.jar;F:\M2\com\fasterxml\classmate\1.3.4\classmate-1.3.4.jar;F:\M2\org\springframework\spring-web\5.0.4.RELEASE\spring-web-5.0.4.RELEASE.jar;F:\M2\org\springframework\spring-beans\5.0.4.RELEASE\spring-beans-5.0.4.RELEASE.jar;F:\M2\org\springframework\spring-webmvc\5.0.4.RELEASE\spring-webmvc-5.0.4.RELEASE.jar;F:\M2\org\springframework\spring-expression\5.0.4.RELEASE\spring-expression-5.0.4.RELEASE.jar;F:\M2\javax\servlet\javax.servlet-api\3.1.0\javax.servlet-api-3.1.0.jar;F:\M2\org\springframework\boot\spring-boot-starter-aop\2.0.0.RELEASE\spring-boot-starter-aop-2.0.0.RELEASE.jar;F:\M2\org\springframework\spring-aop\5.0.4.RELEASE\spring-aop-5.0.4.RELEASE.jar;F:\M2\org\aspectj\aspectjweaver\1.8.13\aspectjweaver-1.8.13.jar;F:\M2\com\baomidou\mybatisplus-spring-boot-starter\1.0.5\mybatisplus-spring-boot-starter-1.0.5.jar;F:\M2\org\springframework\boot\spring-boot-configuration-processor\2.0.0.RELEASE\spring-boot-configuration-processor-2.0.0.RELEASE.jar;F:\M2\org\springframework\boot\spring-boot-starter-jdbc\2.0.0.RELEASE\spring-boot-starter-jdbc-2.0.0.RELEASE.jar;F:\M2\com\zaxxer\HikariCP\2.7.8\HikariCP-2.7.8.jar;F:\M2\org\springframework\spring-jdbc\5.0.4.RELEASE\spring-jdbc-5.0.4.RELEASE.jar;F:\M2\com\alibaba\druid\1.0.11\druid-1.0.11.jar;F:\Java\jdk1.8.0_221\jre\..\lib\jconsole.jar;F:\Java\jdk1.8.0_221\jre\..\lib\tools.jar;F:\M2\mysql\mysql-connector-java\8.0.11\mysql-connector-java-8.0.11.jar;F:\M2\com\google\protobuf\protobuf-java\2.6.0\protobuf-java-2.6.0.jar;F:\M2\org\springframework\boot\spring-boot-starter-data-redis\2.0.0.RELEASE\spring-boot-starter-data-redis-2.0.0.RELEASE.jar;F:\M2\org\springframework\data\spring-data-redis\2.0.5.RELEASE\spring-data-redis-2.0.5.RELEASE.jar;F:\M2\org\springframework\data\spring-data-keyvalue\2.0.5.RELEASE\spring-data-keyvalue-2.0.5.RELEASE.jar;F:\M2\org\springframework\data\spring-data-commons\2.0.5.RELEASE\spring-data-commons-2.0.5.RELEASE.jar;F:\M2\org\springframework\spring-tx\5.0.4.RELEASE\spring-tx-5.0.4.RELEASE.jar;F:\M2\org\springframework\spring-oxm\5.0.4.RELEASE\spring-oxm-5.0.4.RELEASE.jar;F:\M2\org\springframework\spring-context-support\5.0.4.RELEASE\spring-context-support-5.0.4.RELEASE.jar;F:\M2\io\lettuce\lettuce-core\5.0.2.RELEASE\lettuce-core-5.0.2.RELEASE.jar;F:\M2\io\projectreactor\reactor-core\3.1.5.RELEASE\reactor-core-3.1.5.RELEASE.jar;F:\M2\org\reactivestreams\reactive-streams\1.0.2\reactive-streams-1.0.2.jar;F:\M2\io\netty\netty-common\4.1.22.Final\netty-common-4.1.22.Final.jar;F:\M2\io\netty\netty-transport\4.1.22.Final\netty-transport-4.1.22.Final.jar;F:\M2\io\netty\netty-buffer\4.1.22.Final\netty-buffer-4.1.22.Final.jar;F:\M2\io\netty\netty-resolver\4.1.22.Final\netty-resolver-4.1.22.Final.jar;F:\M2\io\netty\netty-handler\4.1.22.Final\netty-handler-4.1.22.Final.jar;F:\M2\io\netty\netty-codec\4.1.22.Final\netty-codec-4.1.22.Final.jar;F:\M2\com\baomidou\mybatis-plus\2.1.6\mybatis-plus-2.1.6.jar;F:\M2\com\baomidou\mybatis-plus-support\2.1.6\mybatis-plus-support-2.1.6.jar;F:\M2\com\baomidou\mybatis-plus-core\2.1.6\mybatis-plus-core-2.1.6.jar;F:\M2\com\github\jsqlparser\jsqlparser\1.1\jsqlparser-1.1.jar;F:\M2\org\mybatis\mybatis-spring\1.3.1\mybatis-spring-1.3.1.jar;F:\M2\org\mybatis\mybatis\3.4.5\mybatis-3.4.5.jar;F:\M2\com\baomidou\mybatis-plus-generate\2.1.6\mybatis-plus-generate-2.1.6.jar;F:\M2\com\alibaba\fastjson\1.2.54\fastjson-1.2.54.jar;F:\M2\net\sourceforge\nekohtml\nekohtml\1.9.22\nekohtml-1.9.22.jar;F:\M2\xerces\xercesImpl\2.11.0\xercesImpl-2.11.0.jar;F:\M2\org\springframework\boot\spring-boot-starter-thymeleaf\2.0.0.RELEASE\spring-boot-starter-thymeleaf-2.0.0.RELEASE.jar;F:\M2\org\thymeleaf\thymeleaf-spring5\3.0.9.RELEASE\thymeleaf-spring5-3.0.9.RELEASE.jar;F:\M2\org\thymeleaf\thymeleaf\3.0.9.RELEASE\thymeleaf-3.0.9.RELEASE.jar;F:\M2\org\attoparser\attoparser\2.0.4.RELEASE\attoparser-2.0.4.RELEASE.jar;F:\M2\org\thymeleaf\extras\thymeleaf-extras-java8time\3.0.1.RELEASE\thymeleaf-extras-java8time-3.0.1.RELEASE.jar;F:\M2\org\apache\shiro\shiro-spring\1.4.0\shiro-spring-1.4.0.jar;F:\M2\org\apache\shiro\shiro-core\1.4.0\shiro-core-1.4.0.jar;F:\M2\org\apache\shiro\shiro-lang\1.4.0\shiro-lang-1.4.0.jar;F:\M2\org\apache\shiro\shiro-cache\1.4.0\shiro-cache-1.4.0.jar;F:\M2\org\apache\shiro\shiro-crypto-hash\1.4.0\shiro-crypto-hash-1.4.0.jar;F:\M2\org\apache\shiro\shiro-crypto-core\1.4.0\shiro-crypto-core-1.4.0.jar;F:\M2\org\apache\shiro\shiro-crypto-cipher\1.4.0\shiro-crypto-cipher-1.4.0.jar;F:\M2\org\apache\shiro\shiro-config-core\1.4.0\shiro-config-core-1.4.0.jar;F:\M2\org\apache\shiro\shiro-config-ogdl\1.4.0\shiro-config-ogdl-1.4.0.jar;F:\M2\org\apache\shiro\shiro-event\1.4.0\shiro-event-1.4.0.jar;F:\M2\org\apache\shiro\shiro-web\1.4.0\shiro-web-1.4.0.jar;F:\M2\com\github\theborakompanioni\thymeleaf-extras-shiro\2.0.0\thymeleaf-extras-shiro-2.0.0.jar;F:\M2\org\crazycake\shiro-redis\2.4.6\shiro-redis-2.4.6.jar;F:\M2\redis\clients\jedis\2.9.0\jedis-2.9.0.jar;F:\M2\org\slf4j\slf4j-api\1.7.25\slf4j-api-1.7.25.jar;F:\M2\com\github\axet\kaptcha\0.0.9\kaptcha-0.0.9.jar;F:\M2\commons-lang\commons-lang\2.6\commons-lang-2.6.jar;F:\M2\commons-io\commons-io\2.5\commons-io-2.5.jar;F:\M2\commons-configuration\commons-configuration\1.10\commons-configuration-1.10.jar;F:\M2\com\fasterxml\jackson\core\jackson-core\2.9.7\jackson-core-2.9.7.jar;F:\M2\com\fasterxml\jackson\core\jackson-databind\2.9.7\jackson-databind-2.9.7.jar;F:\M2\com\fasterxml\jackson\core\jackson-annotations\2.9.7\jackson-annotations-2.9.7.jar;F:\M2\com\jhlabs\filters\2.0.235\filters-2.0.235.jar;F:\M2\org\apache\commons\commons-lang3\3.4\commons-lang3-3.4.jar;F:\M2\org\apache\commons\commons-collections4\4.1\commons-collections4-4.1.jar;F:\M2\commons-beanutils\commons-beanutils\1.9.3\commons-beanutils-1.9.3.jar;F:\M2\org\unbescape\unbescape\1.1.6.RELEASE\unbescape-1.1.6.RELEASE.jar;F:\M2\org\apache\velocity\velocity\1.7\velocity-1.7.jar;F:\M2\javax\mail\mail\1.4.7\mail-1.4.7.jar;F:\M2\org\apache\commons\commons-pool2\2.6.0\commons-pool2-2.6.0.jar;F:\M2\org\springframework\boot\spring-boot-starter-test\2.0.0.RELEASE\spring-boot-starter-test-2.0.0.RELEASE.jar;F:\M2\org\springframework\boot\spring-boot-test\2.0.0.RELEASE\spring-boot-test-2.0.0.RELEASE.jar;F:\M2\org\springframework\boot\spring-boot-test-autoconfigure\2.0.0.RELEASE\spring-boot-test-autoconfigure-2.0.0.RELEASE.jar;F:\M2\com\jayway\jsonpath\json-path\2.4.0\json-path-2.4.0.jar;F:\M2\net\minidev\json-smart\2.3\json-smart-2.3.jar;F:\M2\net\minidev\accessors-smart\1.2\accessors-smart-1.2.jar;F:\M2\org\ow2\asm\asm\5.0.4\asm-5.0.4.jar;F:\M2\junit\junit\4.12\junit-4.12.jar;F:\M2\org\assertj\assertj-core\3.9.1\assertj-core-3.9.1.jar;F:\M2\org\mockito\mockito-core\2.15.0\mockito-core-2.15.0.jar;F:\M2\net\bytebuddy\byte-buddy\1.7.10\byte-buddy-1.7.10.jar;F:\M2\net\bytebuddy\byte-buddy-agent\1.7.10\byte-buddy-agent-1.7.10.jar;F:\M2\org\objenesis\objenesis\2.6\objenesis-2.6.jar;F:\M2\org\hamcrest\hamcrest-core\1.3\hamcrest-core-1.3.jar;F:\M2\org\hamcrest\hamcrest-library\1.3\hamcrest-library-1.3.jar;F:\M2\org\skyscreamer\jsonassert\1.5.0\jsonassert-1.5.0.jar;F:\M2\com\vaadin\external\google\android-json\0.0.20131108.vaadin1\android-json-0.0.20131108.vaadin1.jar;F:\M2\org\springframework\spring-test\5.0.4.RELEASE\spring-test-5.0.4.RELEASE.jar;F:\M2\org\xmlunit\xmlunit-core\2.5.1\xmlunit-core-2.5.1.jar;"/>
    <property name="java.vm.vendor" value="Oracle Corporation"/>
    <property name="sun.arch.data.model" value="64"/>
    <property name="user.variant" value=""/>
    <property name="java.vendor.url" value="http://java.oracle.com/"/>
    <property name="user.timezone" value=""/>
    <property name="java.vm.specification.version" value="1.8"/>
    <property name="os.name" value="Windows 7"/>
    <property name="user.country" value="CN"/>
    <property name="sun.java.launcher" value="SUN_STANDARD"/>
    <property name="sun.boot.library.path" value="F:\Java\jdk1.8.0_221\jre\bin"/>
    <property name="sun.java.command" value="C:\Users\ADMINI~1\AppData\Local\Temp\surefire1411743021336269691\surefirebooter1771393372665052257.jar C:\Users\Administrator\AppData\Local\Temp\surefire1411743021336269691 2020-04-08T13-30-05_139-jvmRun1 surefire1240341860367254896tmp surefire_03118695796572346270tmp"/>
    <property name="surefire.test.class.path" value="E:\Work\IDEA\common-admin\target\test-classes;E:\Work\IDEA\common-admin\target\classes;F:\M2\net\sf\json-lib\json-lib\2.4\json-lib-2.4-jdk15.jar;F:\M2\commons-collections\commons-collections\3.2.1\commons-collections-3.2.1.jar;F:\M2\commons-logging\commons-logging\1.1.1\commons-logging-1.1.1.jar;F:\M2\net\sf\ezmorph\ezmorph\1.0.6\ezmorph-1.0.6.jar;F:\M2\cn\afterturn\easypoi-spring-boot-starter\3.3.0\easypoi-spring-boot-starter-3.3.0.jar;F:\M2\cn\afterturn\easypoi-web\3.3.0\easypoi-web-3.3.0.jar;F:\M2\cn\afterturn\easypoi-base\3.3.0\easypoi-base-3.3.0.jar;F:\M2\com\google\guava\guava\16.0.1\guava-16.0.1.jar;F:\M2\ognl\ognl\3.2.6\ognl-3.2.6.jar;F:\M2\org\javassist\javassist\3.20.0-GA\javassist-3.20.0-GA.jar;F:\M2\cn\afterturn\easypoi-annotation\3.3.0\easypoi-annotation-3.3.0.jar;F:\M2\org\apache\poi\poi-scratchpad\3.15\poi-scratchpad-3.15.jar;F:\M2\org\apache\poi\ooxml-schemas\1.3\ooxml-schemas-1.3.jar;F:\M2\org\apache\xmlbeans\xmlbeans\2.3.0\xmlbeans-2.3.0.jar;F:\M2\stax\stax-api\1.0.1\stax-api-1.0.1.jar;F:\M2\org\springframework\boot\spring-boot-autoconfigure\2.0.0.RELEASE\spring-boot-autoconfigure-2.0.0.RELEASE.jar;F:\M2\org\apache\poi\poi\3.11\poi-3.11.jar;F:\M2\commons-codec\commons-codec\1.11\commons-codec-1.11.jar;F:\M2\org\apache\poi\poi-ooxml\3.9\poi-ooxml-3.9.jar;F:\M2\org\apache\poi\poi-ooxml-schemas\3.9\poi-ooxml-schemas-3.9.jar;F:\M2\dom4j\dom4j\1.6.1\dom4j-1.6.1.jar;F:\M2\xml-apis\xml-apis\1.4.01\xml-apis-1.4.01.jar;F:\M2\com\aliyun\aliyun-java-sdk-core\4.0.6\aliyun-java-sdk-core-4.0.6.jar;F:\M2\org\apache\httpcomponents\httpclient\4.5.5\httpclient-4.5.5.jar;F:\M2\org\apache\httpcomponents\httpcore\4.4.9\httpcore-4.4.9.jar;F:\M2\javax\xml\bind\jaxb-api\2.3.0\jaxb-api-2.3.0.jar;F:\M2\com\sun\xml\bind\jaxb-core\2.1.14\jaxb-core-2.1.14.jar;F:\M2\com\sun\xml\bind\jaxb-impl\2.1\jaxb-impl-2.1.jar;F:\M2\javax\activation\activation\1.1.1\activation-1.1.1.jar;F:\M2\com\aliyun\aliyun-java-sdk-dysmsapi\1.1.0\aliyun-java-sdk-dysmsapi-1.1.0.jar;F:\M2\com\google\code\gson\gson\2.8.5\gson-2.8.5.jar;F:\M2\org\springframework\boot\spring-boot-starter\2.0.0.RELEASE\spring-boot-starter-2.0.0.RELEASE.jar;F:\M2\org\springframework\boot\spring-boot\2.0.0.RELEASE\spring-boot-2.0.0.RELEASE.jar;F:\M2\org\springframework\spring-context\5.0.4.RELEASE\spring-context-5.0.4.RELEASE.jar;F:\M2\javax\annotation\javax.annotation-api\1.3.2\javax.annotation-api-1.3.2.jar;F:\M2\org\springframework\spring-core\5.0.4.RELEASE\spring-core-5.0.4.RELEASE.jar;F:\M2\org\springframework\spring-jcl\5.0.4.RELEASE\spring-jcl-5.0.4.RELEASE.jar;F:\M2\org\yaml\snakeyaml\1.19\snakeyaml-1.19.jar;F:\M2\org\springframework\boot\spring-boot-starter-log4j\1.3.8.RELEASE\spring-boot-starter-log4j-1.3.8.RELEASE.jar;F:\M2\org\slf4j\jcl-over-slf4j\1.7.25\jcl-over-slf4j-1.7.25.jar;F:\M2\org\slf4j\jul-to-slf4j\1.7.25\jul-to-slf4j-1.7.25.jar;F:\M2\org\slf4j\slf4j-log4j12\1.7.25\slf4j-log4j12-1.7.25.jar;F:\M2\log4j\log4j\1.2.17\log4j-1.2.17.jar;F:\M2\org\springframework\boot\spring-boot-starter-web\2.0.0.RELEASE\spring-boot-starter-web-2.0.0.RELEASE.jar;F:\M2\org\springframework\boot\spring-boot-starter-json\2.0.0.RELEASE\spring-boot-starter-json-2.0.0.RELEASE.jar;F:\M2\com\fasterxml\jackson\datatype\jackson-datatype-jdk8\2.9.4\jackson-datatype-jdk8-2.9.4.jar;F:\M2\com\fasterxml\jackson\datatype\jackson-datatype-jsr310\2.9.4\jackson-datatype-jsr310-2.9.4.jar;F:\M2\com\fasterxml\jackson\module\jackson-module-parameter-names\2.9.4\jackson-module-parameter-names-2.9.4.jar;F:\M2\org\hibernate\validator\hibernate-validator\6.0.7.Final\hibernate-validator-6.0.7.Final.jar;F:\M2\javax\validation\validation-api\2.0.1.Final\validation-api-2.0.1.Final.jar;F:\M2\org\jboss\logging\jboss-logging\3.3.2.Final\jboss-logging-3.3.2.Final.jar;F:\M2\com\fasterxml\classmate\1.3.4\classmate-1.3.4.jar;F:\M2\org\springframework\spring-web\5.0.4.RELEASE\spring-web-5.0.4.RELEASE.jar;F:\M2\org\springframework\spring-beans\5.0.4.RELEASE\spring-beans-5.0.4.RELEASE.jar;F:\M2\org\springframework\spring-webmvc\5.0.4.RELEASE\spring-webmvc-5.0.4.RELEASE.jar;F:\M2\org\springframework\spring-expression\5.0.4.RELEASE\spring-expression-5.0.4.RELEASE.jar;F:\M2\javax\servlet\javax.servlet-api\3.1.0\javax.servlet-api-3.1.0.jar;F:\M2\org\springframework\boot\spring-boot-starter-aop\2.0.0.RELEASE\spring-boot-starter-aop-2.0.0.RELEASE.jar;F:\M2\org\springframework\spring-aop\5.0.4.RELEASE\spring-aop-5.0.4.RELEASE.jar;F:\M2\org\aspectj\aspectjweaver\1.8.13\aspectjweaver-1.8.13.jar;F:\M2\com\baomidou\mybatisplus-spring-boot-starter\1.0.5\mybatisplus-spring-boot-starter-1.0.5.jar;F:\M2\org\springframework\boot\spring-boot-configuration-processor\2.0.0.RELEASE\spring-boot-configuration-processor-2.0.0.RELEASE.jar;F:\M2\org\springframework\boot\spring-boot-starter-jdbc\2.0.0.RELEASE\spring-boot-starter-jdbc-2.0.0.RELEASE.jar;F:\M2\com\zaxxer\HikariCP\2.7.8\HikariCP-2.7.8.jar;F:\M2\org\springframework\spring-jdbc\5.0.4.RELEASE\spring-jdbc-5.0.4.RELEASE.jar;F:\M2\com\alibaba\druid\1.0.11\druid-1.0.11.jar;F:\Java\jdk1.8.0_221\jre\..\lib\jconsole.jar;F:\Java\jdk1.8.0_221\jre\..\lib\tools.jar;F:\M2\mysql\mysql-connector-java\8.0.11\mysql-connector-java-8.0.11.jar;F:\M2\com\google\protobuf\protobuf-java\2.6.0\protobuf-java-2.6.0.jar;F:\M2\org\springframework\boot\spring-boot-starter-data-redis\2.0.0.RELEASE\spring-boot-starter-data-redis-2.0.0.RELEASE.jar;F:\M2\org\springframework\data\spring-data-redis\2.0.5.RELEASE\spring-data-redis-2.0.5.RELEASE.jar;F:\M2\org\springframework\data\spring-data-keyvalue\2.0.5.RELEASE\spring-data-keyvalue-2.0.5.RELEASE.jar;F:\M2\org\springframework\data\spring-data-commons\2.0.5.RELEASE\spring-data-commons-2.0.5.RELEASE.jar;F:\M2\org\springframework\spring-tx\5.0.4.RELEASE\spring-tx-5.0.4.RELEASE.jar;F:\M2\org\springframework\spring-oxm\5.0.4.RELEASE\spring-oxm-5.0.4.RELEASE.jar;F:\M2\org\springframework\spring-context-support\5.0.4.RELEASE\spring-context-support-5.0.4.RELEASE.jar;F:\M2\io\lettuce\lettuce-core\5.0.2.RELEASE\lettuce-core-5.0.2.RELEASE.jar;F:\M2\io\projectreactor\reactor-core\3.1.5.RELEASE\reactor-core-3.1.5.RELEASE.jar;F:\M2\org\reactivestreams\reactive-streams\1.0.2\reactive-streams-1.0.2.jar;F:\M2\io\netty\netty-common\4.1.22.Final\netty-common-4.1.22.Final.jar;F:\M2\io\netty\netty-transport\4.1.22.Final\netty-transport-4.1.22.Final.jar;F:\M2\io\netty\netty-buffer\4.1.22.Final\netty-buffer-4.1.22.Final.jar;F:\M2\io\netty\netty-resolver\4.1.22.Final\netty-resolver-4.1.22.Final.jar;F:\M2\io\netty\netty-handler\4.1.22.Final\netty-handler-4.1.22.Final.jar;F:\M2\io\netty\netty-codec\4.1.22.Final\netty-codec-4.1.22.Final.jar;F:\M2\com\baomidou\mybatis-plus\2.1.6\mybatis-plus-2.1.6.jar;F:\M2\com\baomidou\mybatis-plus-support\2.1.6\mybatis-plus-support-2.1.6.jar;F:\M2\com\baomidou\mybatis-plus-core\2.1.6\mybatis-plus-core-2.1.6.jar;F:\M2\com\github\jsqlparser\jsqlparser\1.1\jsqlparser-1.1.jar;F:\M2\org\mybatis\mybatis-spring\1.3.1\mybatis-spring-1.3.1.jar;F:\M2\org\mybatis\mybatis\3.4.5\mybatis-3.4.5.jar;F:\M2\com\baomidou\mybatis-plus-generate\2.1.6\mybatis-plus-generate-2.1.6.jar;F:\M2\com\alibaba\fastjson\1.2.54\fastjson-1.2.54.jar;F:\M2\net\sourceforge\nekohtml\nekohtml\1.9.22\nekohtml-1.9.22.jar;F:\M2\xerces\xercesImpl\2.11.0\xercesImpl-2.11.0.jar;F:\M2\org\springframework\boot\spring-boot-starter-thymeleaf\2.0.0.RELEASE\spring-boot-starter-thymeleaf-2.0.0.RELEASE.jar;F:\M2\org\thymeleaf\thymeleaf-spring5\3.0.9.RELEASE\thymeleaf-spring5-3.0.9.RELEASE.jar;F:\M2\org\thymeleaf\thymeleaf\3.0.9.RELEASE\thymeleaf-3.0.9.RELEASE.jar;F:\M2\org\attoparser\attoparser\2.0.4.RELEASE\attoparser-2.0.4.RELEASE.jar;F:\M2\org\thymeleaf\extras\thymeleaf-extras-java8time\3.0.1.RELEASE\thymeleaf-extras-java8time-3.0.1.RELEASE.jar;F:\M2\org\apache\shiro\shiro-spring\1.4.0\shiro-spring-1.4.0.jar;F:\M2\org\apache\shiro\shiro-core\1.4.0\shiro-core-1.4.0.jar;F:\M2\org\apache\shiro\shiro-lang\1.4.0\shiro-lang-1.4.0.jar;F:\M2\org\apache\shiro\shiro-cache\1.4.0\shiro-cache-1.4.0.jar;F:\M2\org\apache\shiro\shiro-crypto-hash\1.4.0\shiro-crypto-hash-1.4.0.jar;F:\M2\org\apache\shiro\shiro-crypto-core\1.4.0\shiro-crypto-core-1.4.0.jar;F:\M2\org\apache\shiro\shiro-crypto-cipher\1.4.0\shiro-crypto-cipher-1.4.0.jar;F:\M2\org\apache\shiro\shiro-config-core\1.4.0\shiro-config-core-1.4.0.jar;F:\M2\org\apache\shiro\shiro-config-ogdl\1.4.0\shiro-config-ogdl-1.4.0.jar;F:\M2\org\apache\shiro\shiro-event\1.4.0\shiro-event-1.4.0.jar;F:\M2\org\apache\shiro\shiro-web\1.4.0\shiro-web-1.4.0.jar;F:\M2\com\github\theborakompanioni\thymeleaf-extras-shiro\2.0.0\thymeleaf-extras-shiro-2.0.0.jar;F:\M2\org\crazycake\shiro-redis\2.4.6\shiro-redis-2.4.6.jar;F:\M2\redis\clients\jedis\2.9.0\jedis-2.9.0.jar;F:\M2\org\slf4j\slf4j-api\1.7.25\slf4j-api-1.7.25.jar;F:\M2\com\github\axet\kaptcha\0.0.9\kaptcha-0.0.9.jar;F:\M2\commons-lang\commons-lang\2.6\commons-lang-2.6.jar;F:\M2\commons-io\commons-io\2.5\commons-io-2.5.jar;F:\M2\commons-configuration\commons-configuration\1.10\commons-configuration-1.10.jar;F:\M2\com\fasterxml\jackson\core\jackson-core\2.9.7\jackson-core-2.9.7.jar;F:\M2\com\fasterxml\jackson\core\jackson-databind\2.9.7\jackson-databind-2.9.7.jar;F:\M2\com\fasterxml\jackson\core\jackson-annotations\2.9.7\jackson-annotations-2.9.7.jar;F:\M2\com\jhlabs\filters\2.0.235\filters-2.0.235.jar;F:\M2\org\apache\commons\commons-lang3\3.4\commons-lang3-3.4.jar;F:\M2\org\apache\commons\commons-collections4\4.1\commons-collections4-4.1.jar;F:\M2\commons-beanutils\commons-beanutils\1.9.3\commons-beanutils-1.9.3.jar;F:\M2\org\unbescape\unbescape\1.1.6.RELEASE\unbescape-1.1.6.RELEASE.jar;F:\M2\org\apache\velocity\velocity\1.7\velocity-1.7.jar;F:\M2\javax\mail\mail\1.4.7\mail-1.4.7.jar;F:\M2\org\apache\commons\commons-pool2\2.6.0\commons-pool2-2.6.0.jar;F:\M2\org\springframework\boot\spring-boot-starter-test\2.0.0.RELEASE\spring-boot-starter-test-2.0.0.RELEASE.jar;F:\M2\org\springframework\boot\spring-boot-test\2.0.0.RELEASE\spring-boot-test-2.0.0.RELEASE.jar;F:\M2\org\springframework\boot\spring-boot-test-autoconfigure\2.0.0.RELEASE\spring-boot-test-autoconfigure-2.0.0.RELEASE.jar;F:\M2\com\jayway\jsonpath\json-path\2.4.0\json-path-2.4.0.jar;F:\M2\net\minidev\json-smart\2.3\json-smart-2.3.jar;F:\M2\net\minidev\accessors-smart\1.2\accessors-smart-1.2.jar;F:\M2\org\ow2\asm\asm\5.0.4\asm-5.0.4.jar;F:\M2\junit\junit\4.12\junit-4.12.jar;F:\M2\org\assertj\assertj-core\3.9.1\assertj-core-3.9.1.jar;F:\M2\org\mockito\mockito-core\2.15.0\mockito-core-2.15.0.jar;F:\M2\net\bytebuddy\byte-buddy\1.7.10\byte-buddy-1.7.10.jar;F:\M2\net\bytebuddy\byte-buddy-agent\1.7.10\byte-buddy-agent-1.7.10.jar;F:\M2\org\objenesis\objenesis\2.6\objenesis-2.6.jar;F:\M2\org\hamcrest\hamcrest-core\1.3\hamcrest-core-1.3.jar;F:\M2\org\hamcrest\hamcrest-library\1.3\hamcrest-library-1.3.jar;F:\M2\org\skyscreamer\jsonassert\1.5.0\jsonassert-1.5.0.jar;F:\M2\com\vaadin\external\google\android-json\0.0.20131108.vaadin1\android-json-0.0.20131108.vaadin1.jar;F:\M2\org\springframework\spring-test\5.0.4.RELEASE\spring-test-5.0.4.RELEASE.jar;F:\M2\org\xmlunit\xmlunit-core\2.5.1\xmlunit-core-2.5.1.jar;"/>
    <property name="sun.cpu.endian" value="little"/>
    <property name="user.home" value="C:\Users\Administrator"/>
    <property name="user.language" value="zh"/>
    <property name="java.specification.vendor" value="Oracle Corporation"/>
    <property name="java.home" value="F:\Java\jdk1.8.0_221\jre"/>
    <property name="basedir" value="E:\Work\IDEA\common-admin"/>
    <property name="file.separator" value="\"/>
    <property name="line.separator" value="&#10;"/>
    <property name="java.vm.specification.vendor" value="Oracle Corporation"/>
    <property name="java.specification.name" value="Java Platform API Specification"/>
    <property name="java.awt.graphicsenv" value="sun.awt.Win32GraphicsEnvironment"/>
    <property name="surefire.real.class.path" value="C:\Users\ADMINI~1\AppData\Local\Temp\surefire1411743021336269691\surefirebooter1771393372665052257.jar"/>
    <property name="sun.boot.class.path" value="F:\Java\jdk1.8.0_221\jre\lib\resources.jar;F:\Java\jdk1.8.0_221\jre\lib\rt.jar;F:\Java\jdk1.8.0_221\jre\lib\sunrsasign.jar;F:\Java\jdk1.8.0_221\jre\lib\jsse.jar;F:\Java\jdk1.8.0_221\jre\lib\jce.jar;F:\Java\jdk1.8.0_221\jre\lib\charsets.jar;F:\Java\jdk1.8.0_221\jre\lib\jfr.jar;F:\Java\jdk1.8.0_221\jre\classes"/>
    <property name="user.script" value=""/>
    <property name="sun.management.compiler" value="HotSpot 64-Bit Tiered Compilers"/>
    <property name="java.runtime.version" value="1.8.0_221-b11"/>
    <property name="user.name" value="Administrator"/>
    <property name="path.separator" value=";"/>
    <property name="os.version" value="6.1"/>
    <property name="java.endorsed.dirs" value="F:\Java\jdk1.8.0_221\jre\lib\endorsed"/>
    <property name="java.runtime.name" value="Java(TM) SE Runtime Environment"/>
    <property name="file.encoding" value="GBK"/>
    <property name="java.vm.name" value="Java HotSpot(TM) 64-Bit Server VM"/>
    <property name="localRepository" value="F:\M2"/>
    <property name="java.vendor.url.bug" value="http://bugreport.sun.com/bugreport/"/>
    <property name="java.io.tmpdir" value="C:\Users\ADMINI~1\AppData\Local\Temp\"/>
    <property name="java.version" value="1.8.0_221"/>
    <property name="user.dir" value="E:\Work\IDEA\common-admin"/>
    <property name="os.arch" value="amd64"/>
    <property name="java.vm.specification.name" value="Java Virtual Machine Specification"/>
    <property name="java.awt.printerjob" value="sun.awt.windows.WPrinterJob"/>
    <property name="idea.version2019.1.3" value="true"/>
    <property name="sun.os.patch.level" value="Service Pack 1"/>
    <property name="java.library.path" value="F:\Java\jdk1.8.0_221\jre\bin;C:\Windows\Sun\Java\bin;C:\Windows\system32;C:\Windows;C:\Program Files (x86)\Common Files\Oracle\Java\javapath;C:\Windows\system32;C:\Windows;C:\Windows\System32\Wbem;C:\Windows\System32\WindowsPowerShell\v1.0\;F:\Subversion\bin;F:\Java\jdk1.8.0_221\bin;F:\Java\jdk1.8.0_221\jre\bin;F:\apache-maven-3.6.1\bin;F:\mysql-8.0.11-winx64\bin;F:\Redis3;."/>
    <property name="java.vm.info" value="mixed mode"/>
    <property name="java.vendor" value="Oracle Corporation"/>
    <property name="java.vm.version" value="25.221-b11"/>
    <property name="java.ext.dirs" value="F:\Java\jdk1.8.0_221\jre\lib\ext;C:\Windows\Sun\Java\lib\ext"/>
    <property name="sun.io.unicode.encoding" value="UnicodeLittle"/>
    <property name="maven.repo.local" value="F:\M2"/>
    <property name="java.class.version" value="52.0"/>
  </properties>
  <testcase name="contextLoads" classname="com.xieke.admin.CommonAdminApplicationTests" time="0.146"/>
</testsuite>